<?xml version="1.0" encoding="UTF-8"?>
<testsuite name="org.zerock.board.repository.ReplyRepositoryTests" tests="1" skipped="0" failures="0" errors="0" timestamp="2024-09-30T04:30:04" hostname="DESKTOP-G4MQEMN" time="2.443">
  <properties/>
  <testcase name="insertReply()" classname="org.zerock.board.repository.ReplyRepositoryTests" time="2.443"/>
  <system-out><![CDATA[13:29:58.204 [Test worker] INFO org.springframework.test.context.support.AnnotationConfigContextLoaderUtils -- Could not detect default configuration classes for test class [org.zerock.board.repository.ReplyRepositoryTests]: ReplyRepositoryTests does not declare any static, non-private, non-final, nested classes annotated with @Configuration.
13:29:58.365 [Test worker] INFO org.springframework.boot.test.context.SpringBootTestContextBootstrapper -- Found @SpringBootConfiguration org.zerock.board.BoardApplication for test class org.zerock.board.repository.ReplyRepositoryTests

  .   ____          _            __ _ _
 /\\ / ___'_ __ _ _(_)_ __  __ _ \ \ \ \
( ( )\___ | '_ | '_| | '_ \/ _` | \ \ \ \
 \\/  ___)| |_)| | | | | || (_| |  ) ) ) )
  '  |____| .__|_| |_|_| |_\__, | / / / /
 =========|_|==============|___/=/_/_/_/

 :: Spring Boot ::                (v3.3.4)

2024-09-30T13:29:58.869+09:00  INFO 1788 --- [board] [    Test worker] o.z.b.repository.ReplyRepositoryTests    : Starting ReplyRepositoryTests using Java 17.0.11 with PID 1788 (started by 14C in C:\kdigital\springboot_workspace\board)
2024-09-30T13:29:58.871+09:00  INFO 1788 --- [board] [    Test worker] o.z.b.repository.ReplyRepositoryTests    : No active profile set, falling back to 1 default profile: "default"
2024-09-30T13:29:59.751+09:00  INFO 1788 --- [board] [    Test worker] .s.d.r.c.RepositoryConfigurationDelegate : Bootstrapping Spring Data JPA repositories in DEFAULT mode.
2024-09-30T13:29:59.838+09:00  INFO 1788 --- [board] [    Test worker] .s.d.r.c.RepositoryConfigurationDelegate : Finished Spring Data repository scanning in 75 ms. Found 3 JPA repository interfaces.
2024-09-30T13:30:00.617+09:00  INFO 1788 --- [board] [    Test worker] o.hibernate.jpa.internal.util.LogHelper  : HHH000204: Processing PersistenceUnitInfo [name: default]
2024-09-30T13:30:00.696+09:00  INFO 1788 --- [board] [    Test worker] org.hibernate.Version                    : HHH000412: Hibernate ORM core version 6.5.3.Final
2024-09-30T13:30:00.745+09:00  INFO 1788 --- [board] [    Test worker] o.h.c.internal.RegionFactoryInitiator    : HHH000026: Second-level cache disabled
2024-09-30T13:30:01.224+09:00  INFO 1788 --- [board] [    Test worker] o.s.o.j.p.SpringPersistenceUnitInfo      : No LoadTimeWeaver setup: ignoring JPA class transformer
2024-09-30T13:30:01.269+09:00  INFO 1788 --- [board] [    Test worker] com.zaxxer.hikari.HikariDataSource       : HikariPool-1 - Starting...
2024-09-30T13:30:01.399+09:00  INFO 1788 --- [board] [    Test worker] com.zaxxer.hikari.pool.HikariPool        : HikariPool-1 - Added connection org.mariadb.jdbc.Connection@500ec769
2024-09-30T13:30:01.402+09:00  INFO 1788 --- [board] [    Test worker] com.zaxxer.hikari.HikariDataSource       : HikariPool-1 - Start completed.
2024-09-30T13:30:02.754+09:00  INFO 1788 --- [board] [    Test worker] o.h.e.t.j.p.i.JtaPlatformInitiator       : HHH000489: No JTA platform available (set 'hibernate.transaction.jta.platform' to enable JTA platform integration)
2024-09-30T13:30:02.843+09:00  INFO 1788 --- [board] [    Test worker] j.LocalContainerEntityManagerFactoryBean : Initialized JPA EntityManagerFactory for persistence unit 'default'
2024-09-30T13:30:03.091+09:00  WARN 1788 --- [board] [    Test worker] JpaBaseConfiguration$JpaWebConfiguration : spring.jpa.open-in-view is enabled by default. Therefore, database queries may be performed during view rendering. Explicitly configure spring.jpa.open-in-view to disable this warning
2024-09-30T13:30:03.133+09:00  INFO 1788 --- [board] [    Test worker] o.s.b.a.w.s.WelcomePageHandlerMapping    : Adding welcome page: class path resource [static/index.html]
2024-09-30T13:30:04.190+09:00  INFO 1788 --- [board] [    Test worker] o.z.b.repository.ReplyRepositoryTests    : Started ReplyRepositoryTests in 5.611 seconds (process running for 7.157)
Hibernate: 
    insert 
    into
        reply
        (board_bno, moddate, regdate, replyer, text) 
    values
        (?, ?, ?, ?, ?) 
    returning rno
Hibernate: 
    insert 
    into
        reply
        (board_bno, moddate, regdate, replyer, text) 
    values
        (?, ?, ?, ?, ?) 
    returning rno
Hibernate: 
    insert 
    into
        reply
        (board_bno, moddate, regdate, replyer, text) 
    values
        (?, ?, ?, ?, ?) 
    returning rno
Hibernate: 
    insert 
    into
        reply
        (board_bno, moddate, regdate, replyer, text) 
    values
        (?, ?, ?, ?, ?) 
    returning rno
Hibernate: 
    insert 
    into
        reply
        (board_bno, moddate, regdate, replyer, text) 
    values
        (?, ?, ?, ?, ?) 
    returning rno
Hibernate: 
    insert 
    into
        reply
        (board_bno, moddate, regdate, replyer, text) 
    values
        (?, ?, ?, ?, ?) 
    returning rno
Hibernate: 
    insert 
    into
        reply
        (board_bno, moddate, regdate, replyer, text) 
    values
        (?, ?, ?, ?, ?) 
    returning rno
Hibernate: 
    insert 
    into
        reply
        (board_bno, moddate, regdate, replyer, text) 
    values
        (?, ?, ?, ?, ?) 
    returning rno
Hibernate: 
    insert 
    into
        reply
        (board_bno, moddate, regdate, replyer, text) 
    values
        (?, ?, ?, ?, ?) 
    returning rno
Hibernate: 
    insert 
    into
        reply
        (board_bno, moddate, regdate, replyer, text) 
    values
        (?, ?, ?, ?, ?) 
    returning rno
Hibernate: 
    insert 
    into
        reply
        (board_bno, moddate, regdate, replyer, text) 
    values
        (?, ?, ?, ?, ?) 
    returning rno
Hibernate: 
    insert 
    into
        reply
        (board_bno, moddate, regdate, replyer, text) 
    values
        (?, ?, ?, ?, ?) 
    returning rno
Hibernate: 
    insert 
    into
        reply
        (board_bno, moddate, regdate, replyer, text) 
    values
        (?, ?, ?, ?, ?) 
    returning rno
Hibernate: 
    insert 
    into
        reply
        (board_bno, moddate, regdate, replyer, text) 
    values
        (?, ?, ?, ?, ?) 
    returning rno
Hibernate: 
    insert 
    into
        reply
        (board_bno, moddate, regdate, replyer, text) 
    values
        (?, ?, ?, ?, ?) 
    returning rno
Hibernate: 
    insert 
    into
        reply
        (board_bno, moddate, regdate, replyer, text) 
    values
        (?, ?, ?, ?, ?) 
    returning rno
Hibernate: 
    insert 
    into
        reply
        (board_bno, moddate, regdate, replyer, text) 
    values
        (?, ?, ?, ?, ?) 
    returning rno
Hibernate: 
    insert 
    into
        reply
        (board_bno, moddate, regdate, replyer, text) 
    values
        (?, ?, ?, ?, ?) 
    returning rno
Hibernate: 
    insert 
    into
        reply
        (board_bno, moddate, regdate, replyer, text) 
    values
        (?, ?, ?, ?, ?) 
    returning rno
Hibernate: 
    insert 
    into
        reply
        (board_bno, moddate, regdate, replyer, text) 
    values
        (?, ?, ?, ?, ?) 
    returning rno
Hibernate: 
    insert 
    into
        reply
        (board_bno, moddate, regdate, replyer, text) 
    values
        (?, ?, ?, ?, ?) 
    returning rno
Hibernate: 
    insert 
    into
        reply
        (board_bno, moddate, regdate, replyer, text) 
    values
        (?, ?, ?, ?, ?) 
    returning rno
Hibernate: 
    insert 
    into
        reply
        (board_bno, moddate, regdate, replyer, text) 
    values
        (?, ?, ?, ?, ?) 
    returning rno
Hibernate: 
    insert 
    into
        reply
        (board_bno, moddate, regdate, replyer, text) 
    values
        (?, ?, ?, ?, ?) 
    returning rno
Hibernate: 
    insert 
    into
        reply
        (board_bno, moddate, regdate, replyer, text) 
    values
        (?, ?, ?, ?, ?) 
    returning rno
Hibernate: 
    insert 
    into
        reply
        (board_bno, moddate, regdate, replyer, text) 
    values
        (?, ?, ?, ?, ?) 
    returning rno
Hibernate: 
    insert 
    into
        reply
        (board_bno, moddate, regdate, replyer, text) 
    values
        (?, ?, ?, ?, ?) 
    returning rno
Hibernate: 
    insert 
    into
        reply
        (board_bno, moddate, regdate, replyer, text) 
    values
        (?, ?, ?, ?, ?) 
    returning rno
Hibernate: 
    insert 
    into
        reply
        (board_bno, moddate, regdate, replyer, text) 
    values
        (?, ?, ?, ?, ?) 
    returning rno
Hibernate: 
    insert 
    into
        reply
        (board_bno, moddate, regdate, replyer, text) 
    values
        (?, ?, ?, ?, ?) 
    returning rno
Hibernate: 
    insert 
    into
        reply
        (board_bno, moddate, regdate, replyer, text) 
    values
        (?, ?, ?, ?, ?) 
    returning rno
Hibernate: 
    insert 
    into
        reply
        (board_bno, moddate, regdate, replyer, text) 
    values
        (?, ?, ?, ?, ?) 
    returning rno
Hibernate: 
    insert 
    into
        reply
        (board_bno, moddate, regdate, replyer, text) 
    values
        (?, ?, ?, ?, ?) 
    returning rno
Hibernate: 
    insert 
    into
        reply
        (board_bno, moddate, regdate, replyer, text) 
    values
        (?, ?, ?, ?, ?) 
    returning rno
Hibernate: 
    insert 
    into
        reply
        (board_bno, moddate, regdate, replyer, text) 
    values
        (?, ?, ?, ?, ?) 
    returning rno
Hibernate: 
    insert 
    into
        reply
        (board_bno, moddate, regdate, replyer, text) 
    values
        (?, ?, ?, ?, ?) 
    returning rno
Hibernate: 
    insert 
    into
        reply
        (board_bno, moddate, regdate, replyer, text) 
    values
        (?, ?, ?, ?, ?) 
    returning rno
Hibernate: 
    insert 
    into
        reply
        (board_bno, moddate, regdate, replyer, text) 
    values
        (?, ?, ?, ?, ?) 
    returning rno
Hibernate: 
    insert 
    into
        reply
        (board_bno, moddate, regdate, replyer, text) 
    values
        (?, ?, ?, ?, ?) 
    returning rno
Hibernate: 
    insert 
    into
        reply
        (board_bno, moddate, regdate, replyer, text) 
    values
        (?, ?, ?, ?, ?) 
    returning rno
Hibernate: 
    insert 
    into
        reply
        (board_bno, moddate, regdate, replyer, text) 
    values
        (?, ?, ?, ?, ?) 
    returning rno
Hibernate: 
    insert 
    into
        reply
        (board_bno, moddate, regdate, replyer, text) 
    values
        (?, ?, ?, ?, ?) 
    returning rno
Hibernate: 
    insert 
    into
        reply
        (board_bno, moddate, regdate, replyer, text) 
    values
        (?, ?, ?, ?, ?) 
    returning rno
Hibernate: 
    insert 
    into
        reply
        (board_bno, moddate, regdate, replyer, text) 
    values
        (?, ?, ?, ?, ?) 
    returning rno
Hibernate: 
    insert 
    into
        reply
        (board_bno, moddate, regdate, replyer, text) 
    values
        (?, ?, ?, ?, ?) 
    returning rno
Hibernate: 
    insert 
    into
        reply
        (board_bno, moddate, regdate, replyer, text) 
    values
        (?, ?, ?, ?, ?) 
    returning rno
Hibernate: 
    insert 
    into
        reply
        (board_bno, moddate, regdate, replyer, text) 
    values
        (?, ?, ?, ?, ?) 
    returning rno
Hibernate: 
    insert 
    into
        reply
        (board_bno, moddate, regdate, replyer, text) 
    values
        (?, ?, ?, ?, ?) 
    returning rno
Hibernate: 
    insert 
    into
        reply
        (board_bno, moddate, regdate, replyer, text) 
    values
        (?, ?, ?, ?, ?) 
    returning rno
Hibernate: 
    insert 
    into
        reply
        (board_bno, moddate, regdate, replyer, text) 
    values
        (?, ?, ?, ?, ?) 
    returning rno
Hibernate: 
    insert 
    into
        reply
        (board_bno, moddate, regdate, replyer, text) 
    values
        (?, ?, ?, ?, ?) 
    returning rno
Hibernate: 
    insert 
    into
        reply
        (board_bno, moddate, regdate, replyer, text) 
    values
        (?, ?, ?, ?, ?) 
    returning rno
Hibernate: 
    insert 
    into
        reply
        (board_bno, moddate, regdate, replyer, text) 
    values
        (?, ?, ?, ?, ?) 
    returning rno
Hibernate: 
    insert 
    into
        reply
        (board_bno, moddate, regdate, replyer, text) 
    values
        (?, ?, ?, ?, ?) 
    returning rno
Hibernate: 
    insert 
    into
        reply
        (board_bno, moddate, regdate, replyer, text) 
    values
        (?, ?, ?, ?, ?) 
    returning rno
Hibernate: 
    insert 
    into
        reply
        (board_bno, moddate, regdate, replyer, text) 
    values
        (?, ?, ?, ?, ?) 
    returning rno
Hibernate: 
    insert 
    into
        reply
        (board_bno, moddate, regdate, replyer, text) 
    values
        (?, ?, ?, ?, ?) 
    returning rno
Hibernate: 
    insert 
    into
        reply
        (board_bno, moddate, regdate, replyer, text) 
    values
        (?, ?, ?, ?, ?) 
    returning rno
Hibernate: 
    insert 
    into
        reply
        (board_bno, moddate, regdate, replyer, text) 
    values
        (?, ?, ?, ?, ?) 
    returning rno
Hibernate: 
    insert 
    into
        reply
        (board_bno, moddate, regdate, replyer, text) 
    values
        (?, ?, ?, ?, ?) 
    returning rno
Hibernate: 
    insert 
    into
        reply
        (board_bno, moddate, regdate, replyer, text) 
    values
        (?, ?, ?, ?, ?) 
    returning rno
Hibernate: 
    insert 
    into
        reply
        (board_bno, moddate, regdate, replyer, text) 
    values
        (?, ?, ?, ?, ?) 
    returning rno
Hibernate: 
    insert 
    into
        reply
        (board_bno, moddate, regdate, replyer, text) 
    values
        (?, ?, ?, ?, ?) 
    returning rno
Hibernate: 
    insert 
    into
        reply
        (board_bno, moddate, regdate, replyer, text) 
    values
        (?, ?, ?, ?, ?) 
    returning rno
Hibernate: 
    insert 
    into
        reply
        (board_bno, moddate, regdate, replyer, text) 
    values
        (?, ?, ?, ?, ?) 
    returning rno
Hibernate: 
    insert 
    into
        reply
        (board_bno, moddate, regdate, replyer, text) 
    values
        (?, ?, ?, ?, ?) 
    returning rno
Hibernate: 
    insert 
    into
        reply
        (board_bno, moddate, regdate, replyer, text) 
    values
        (?, ?, ?, ?, ?) 
    returning rno
Hibernate: 
    insert 
    into
        reply
        (board_bno, moddate, regdate, replyer, text) 
    values
        (?, ?, ?, ?, ?) 
    returning rno
Hibernate: 
    insert 
    into
        reply
        (board_bno, moddate, regdate, replyer, text) 
    values
        (?, ?, ?, ?, ?) 
    returning rno
Hibernate: 
    insert 
    into
        reply
        (board_bno, moddate, regdate, replyer, text) 
    values
        (?, ?, ?, ?, ?) 
    returning rno
Hibernate: 
    insert 
    into
        reply
        (board_bno, moddate, regdate, replyer, text) 
    values
        (?, ?, ?, ?, ?) 
    returning rno
Hibernate: 
    insert 
    into
        reply
        (board_bno, moddate, regdate, replyer, text) 
    values
        (?, ?, ?, ?, ?) 
    returning rno
Hibernate: 
    insert 
    into
        reply
        (board_bno, moddate, regdate, replyer, text) 
    values
        (?, ?, ?, ?, ?) 
    returning rno
Hibernate: 
    insert 
    into
        reply
        (board_bno, moddate, regdate, replyer, text) 
    values
        (?, ?, ?, ?, ?) 
    returning rno
Hibernate: 
    insert 
    into
        reply
        (board_bno, moddate, regdate, replyer, text) 
    values
        (?, ?, ?, ?, ?) 
    returning rno
Hibernate: 
    insert 
    into
        reply
        (board_bno, moddate, regdate, replyer, text) 
    values
        (?, ?, ?, ?, ?) 
    returning rno
Hibernate: 
    insert 
    into
        reply
        (board_bno, moddate, regdate, replyer, text) 
    values
        (?, ?, ?, ?, ?) 
    returning rno
Hibernate: 
    insert 
    into
        reply
        (board_bno, moddate, regdate, replyer, text) 
    values
        (?, ?, ?, ?, ?) 
    returning rno
Hibernate: 
    insert 
    into
        reply
        (board_bno, moddate, regdate, replyer, text) 
    values
        (?, ?, ?, ?, ?) 
    returning rno
Hibernate: 
    insert 
    into
        reply
        (board_bno, moddate, regdate, replyer, text) 
    values
        (?, ?, ?, ?, ?) 
    returning rno
Hibernate: 
    insert 
    into
        reply
        (board_bno, moddate, regdate, replyer, text) 
    values
        (?, ?, ?, ?, ?) 
    returning rno
Hibernate: 
    insert 
    into
        reply
        (board_bno, moddate, regdate, replyer, text) 
    values
        (?, ?, ?, ?, ?) 
    returning rno
Hibernate: 
    insert 
    into
        reply
        (board_bno, moddate, regdate, replyer, text) 
    values
        (?, ?, ?, ?, ?) 
    returning rno
Hibernate: 
    insert 
    into
        reply
        (board_bno, moddate, regdate, replyer, text) 
    values
        (?, ?, ?, ?, ?) 
    returning rno
Hibernate: 
    insert 
    into
        reply
        (board_bno, moddate, regdate, replyer, text) 
    values
        (?, ?, ?, ?, ?) 
    returning rno
Hibernate: 
    insert 
    into
        reply
        (board_bno, moddate, regdate, replyer, text) 
    values
        (?, ?, ?, ?, ?) 
    returning rno
Hibernate: 
    insert 
    into
        reply
        (board_bno, moddate, regdate, replyer, text) 
    values
        (?, ?, ?, ?, ?) 
    returning rno
Hibernate: 
    insert 
    into
        reply
        (board_bno, moddate, regdate, replyer, text) 
    values
        (?, ?, ?, ?, ?) 
    returning rno
Hibernate: 
    insert 
    into
        reply
        (board_bno, moddate, regdate, replyer, text) 
    values
        (?, ?, ?, ?, ?) 
    returning rno
Hibernate: 
    insert 
    into
        reply
        (board_bno, moddate, regdate, replyer, text) 
    values
        (?, ?, ?, ?, ?) 
    returning rno
Hibernate: 
    insert 
    into
        reply
        (board_bno, moddate, regdate, replyer, text) 
    values
        (?, ?, ?, ?, ?) 
    returning rno
Hibernate: 
    insert 
    into
        reply
        (board_bno, moddate, regdate, replyer, text) 
    values
        (?, ?, ?, ?, ?) 
    returning rno
Hibernate: 
    insert 
    into
        reply
        (board_bno, moddate, regdate, replyer, text) 
    values
        (?, ?, ?, ?, ?) 
    returning rno
Hibernate: 
    insert 
    into
        reply
        (board_bno, moddate, regdate, replyer, text) 
    values
        (?, ?, ?, ?, ?) 
    returning rno
Hibernate: 
    insert 
    into
        reply
        (board_bno, moddate, regdate, replyer, text) 
    values
        (?, ?, ?, ?, ?) 
    returning rno
Hibernate: 
    insert 
    into
        reply
        (board_bno, moddate, regdate, replyer, text) 
    values
        (?, ?, ?, ?, ?) 
    returning rno
Hibernate: 
    insert 
    into
        reply
        (board_bno, moddate, regdate, replyer, text) 
    values
        (?, ?, ?, ?, ?) 
    returning rno
Hibernate: 
    insert 
    into
        reply
        (board_bno, moddate, regdate, replyer, text) 
    values
        (?, ?, ?, ?, ?) 
    returning rno
Hibernate: 
    insert 
    into
        reply
        (board_bno, moddate, regdate, replyer, text) 
    values
        (?, ?, ?, ?, ?) 
    returning rno
Hibernate: 
    insert 
    into
        reply
        (board_bno, moddate, regdate, replyer, text) 
    values
        (?, ?, ?, ?, ?) 
    returning rno
Hibernate: 
    insert 
    into
        reply
        (board_bno, moddate, regdate, replyer, text) 
    values
        (?, ?, ?, ?, ?) 
    returning rno
Hibernate: 
    insert 
    into
        reply
        (board_bno, moddate, regdate, replyer, text) 
    values
        (?, ?, ?, ?, ?) 
    returning rno
Hibernate: 
    insert 
    into
        reply
        (board_bno, moddate, regdate, replyer, text) 
    values
        (?, ?, ?, ?, ?) 
    returning rno
Hibernate: 
    insert 
    into
        reply
        (board_bno, moddate, regdate, replyer, text) 
    values
        (?, ?, ?, ?, ?) 
    returning rno
Hibernate: 
    insert 
    into
        reply
        (board_bno, moddate, regdate, replyer, text) 
    values
        (?, ?, ?, ?, ?) 
    returning rno
Hibernate: 
    insert 
    into
        reply
        (board_bno, moddate, regdate, replyer, text) 
    values
        (?, ?, ?, ?, ?) 
    returning rno
Hibernate: 
    insert 
    into
        reply
        (board_bno, moddate, regdate, replyer, text) 
    values
        (?, ?, ?, ?, ?) 
    returning rno
Hibernate: 
    insert 
    into
        reply
        (board_bno, moddate, regdate, replyer, text) 
    values
        (?, ?, ?, ?, ?) 
    returning rno
Hibernate: 
    insert 
    into
        reply
        (board_bno, moddate, regdate, replyer, text) 
    values
        (?, ?, ?, ?, ?) 
    returning rno
Hibernate: 
    insert 
    into
        reply
        (board_bno, moddate, regdate, replyer, text) 
    values
        (?, ?, ?, ?, ?) 
    returning rno
Hibernate: 
    insert 
    into
        reply
        (board_bno, moddate, regdate, replyer, text) 
    values
        (?, ?, ?, ?, ?) 
    returning rno
Hibernate: 
    insert 
    into
        reply
        (board_bno, moddate, regdate, replyer, text) 
    values
        (?, ?, ?, ?, ?) 
    returning rno
Hibernate: 
    insert 
    into
        reply
        (board_bno, moddate, regdate, replyer, text) 
    values
        (?, ?, ?, ?, ?) 
    returning rno
Hibernate: 
    insert 
    into
        reply
        (board_bno, moddate, regdate, replyer, text) 
    values
        (?, ?, ?, ?, ?) 
    returning rno
Hibernate: 
    insert 
    into
        reply
        (board_bno, moddate, regdate, replyer, text) 
    values
        (?, ?, ?, ?, ?) 
    returning rno
Hibernate: 
    insert 
    into
        reply
        (board_bno, moddate, regdate, replyer, text) 
    values
        (?, ?, ?, ?, ?) 
    returning rno
Hibernate: 
    insert 
    into
        reply
        (board_bno, moddate, regdate, replyer, text) 
    values
        (?, ?, ?, ?, ?) 
    returning rno
Hibernate: 
    insert 
    into
        reply
        (board_bno, moddate, regdate, replyer, text) 
    values
        (?, ?, ?, ?, ?) 
    returning rno
Hibernate: 
    insert 
    into
        reply
        (board_bno, moddate, regdate, replyer, text) 
    values
        (?, ?, ?, ?, ?) 
    returning rno
Hibernate: 
    insert 
    into
        reply
        (board_bno, moddate, regdate, replyer, text) 
    values
        (?, ?, ?, ?, ?) 
    returning rno
Hibernate: 
    insert 
    into
        reply
        (board_bno, moddate, regdate, replyer, text) 
    values
        (?, ?, ?, ?, ?) 
    returning rno
Hibernate: 
    insert 
    into
        reply
        (board_bno, moddate, regdate, replyer, text) 
    values
        (?, ?, ?, ?, ?) 
    returning rno
Hibernate: 
    insert 
    into
        reply
        (board_bno, moddate, regdate, replyer, text) 
    values
        (?, ?, ?, ?, ?) 
    returning rno
Hibernate: 
    insert 
    into
        reply
        (board_bno, moddate, regdate, replyer, text) 
    values
        (?, ?, ?, ?, ?) 
    returning rno
Hibernate: 
    insert 
    into
        reply
        (board_bno, moddate, regdate, replyer, text) 
    values
        (?, ?, ?, ?, ?) 
    returning rno
Hibernate: 
    insert 
    into
        reply
        (board_bno, moddate, regdate, replyer, text) 
    values
        (?, ?, ?, ?, ?) 
    returning rno
Hibernate: 
    insert 
    into
        reply
        (board_bno, moddate, regdate, replyer, text) 
    values
        (?, ?, ?, ?, ?) 
    returning rno
Hibernate: 
    insert 
    into
        reply
        (board_bno, moddate, regdate, replyer, text) 
    values
        (?, ?, ?, ?, ?) 
    returning rno
Hibernate: 
    insert 
    into
        reply
        (board_bno, moddate, regdate, replyer, text) 
    values
        (?, ?, ?, ?, ?) 
    returning rno
Hibernate: 
    insert 
    into
        reply
        (board_bno, moddate, regdate, replyer, text) 
    values
        (?, ?, ?, ?, ?) 
    returning rno
Hibernate: 
    insert 
    into
        reply
        (board_bno, moddate, regdate, replyer, text) 
    values
        (?, ?, ?, ?, ?) 
    returning rno
Hibernate: 
    insert 
    into
        reply
        (board_bno, moddate, regdate, replyer, text) 
    values
        (?, ?, ?, ?, ?) 
    returning rno
Hibernate: 
    insert 
    into
        reply
        (board_bno, moddate, regdate, replyer, text) 
    values
        (?, ?, ?, ?, ?) 
    returning rno
Hibernate: 
    insert 
    into
        reply
        (board_bno, moddate, regdate, replyer, text) 
    values
        (?, ?, ?, ?, ?) 
    returning rno
Hibernate: 
    insert 
    into
        reply
        (board_bno, moddate, regdate, replyer, text) 
    values
        (?, ?, ?, ?, ?) 
    returning rno
Hibernate: 
    insert 
    into
        reply
        (board_bno, moddate, regdate, replyer, text) 
    values
        (?, ?, ?, ?, ?) 
    returning rno
Hibernate: 
    insert 
    into
        reply
        (board_bno, moddate, regdate, replyer, text) 
    values
        (?, ?, ?, ?, ?) 
    returning rno
Hibernate: 
    insert 
    into
        reply
        (board_bno, moddate, regdate, replyer, text) 
    values
        (?, ?, ?, ?, ?) 
    returning rno
Hibernate: 
    insert 
    into
        reply
        (board_bno, moddate, regdate, replyer, text) 
    values
        (?, ?, ?, ?, ?) 
    returning rno
Hibernate: 
    insert 
    into
        reply
        (board_bno, moddate, regdate, replyer, text) 
    values
        (?, ?, ?, ?, ?) 
    returning rno
Hibernate: 
    insert 
    into
        reply
        (board_bno, moddate, regdate, replyer, text) 
    values
        (?, ?, ?, ?, ?) 
    returning rno
Hibernate: 
    insert 
    into
        reply
        (board_bno, moddate, regdate, replyer, text) 
    values
        (?, ?, ?, ?, ?) 
    returning rno
Hibernate: 
    insert 
    into
        reply
        (board_bno, moddate, regdate, replyer, text) 
    values
        (?, ?, ?, ?, ?) 
    returning rno
Hibernate: 
    insert 
    into
        reply
        (board_bno, moddate, regdate, replyer, text) 
    values
        (?, ?, ?, ?, ?) 
    returning rno
Hibernate: 
    insert 
    into
        reply
        (board_bno, moddate, regdate, replyer, text) 
    values
        (?, ?, ?, ?, ?) 
    returning rno
Hibernate: 
    insert 
    into
        reply
        (board_bno, moddate, regdate, replyer, text) 
    values
        (?, ?, ?, ?, ?) 
    returning rno
Hibernate: 
    insert 
    into
        reply
        (board_bno, moddate, regdate, replyer, text) 
    values
        (?, ?, ?, ?, ?) 
    returning rno
Hibernate: 
    insert 
    into
        reply
        (board_bno, moddate, regdate, replyer, text) 
    values
        (?, ?, ?, ?, ?) 
    returning rno
Hibernate: 
    insert 
    into
        reply
        (board_bno, moddate, regdate, replyer, text) 
    values
        (?, ?, ?, ?, ?) 
    returning rno
Hibernate: 
    insert 
    into
        reply
        (board_bno, moddate, regdate, replyer, text) 
    values
        (?, ?, ?, ?, ?) 
    returning rno
Hibernate: 
    insert 
    into
        reply
        (board_bno, moddate, regdate, replyer, text) 
    values
        (?, ?, ?, ?, ?) 
    returning rno
Hibernate: 
    insert 
    into
        reply
        (board_bno, moddate, regdate, replyer, text) 
    values
        (?, ?, ?, ?, ?) 
    returning rno
Hibernate: 
    insert 
    into
        reply
        (board_bno, moddate, regdate, replyer, text) 
    values
        (?, ?, ?, ?, ?) 
    returning rno
Hibernate: 
    insert 
    into
        reply
        (board_bno, moddate, regdate, replyer, text) 
    values
        (?, ?, ?, ?, ?) 
    returning rno
Hibernate: 
    insert 
    into
        reply
        (board_bno, moddate, regdate, replyer, text) 
    values
        (?, ?, ?, ?, ?) 
    returning rno
Hibernate: 
    insert 
    into
        reply
        (board_bno, moddate, regdate, replyer, text) 
    values
        (?, ?, ?, ?, ?) 
    returning rno
Hibernate: 
    insert 
    into
        reply
        (board_bno, moddate, regdate, replyer, text) 
    values
        (?, ?, ?, ?, ?) 
    returning rno
Hibernate: 
    insert 
    into
        reply
        (board_bno, moddate, regdate, replyer, text) 
    values
        (?, ?, ?, ?, ?) 
    returning rno
Hibernate: 
    insert 
    into
        reply
        (board_bno, moddate, regdate, replyer, text) 
    values
        (?, ?, ?, ?, ?) 
    returning rno
Hibernate: 
    insert 
    into
        reply
        (board_bno, moddate, regdate, replyer, text) 
    values
        (?, ?, ?, ?, ?) 
    returning rno
Hibernate: 
    insert 
    into
        reply
        (board_bno, moddate, regdate, replyer, text) 
    values
        (?, ?, ?, ?, ?) 
    returning rno
Hibernate: 
    insert 
    into
        reply
        (board_bno, moddate, regdate, replyer, text) 
    values
        (?, ?, ?, ?, ?) 
    returning rno
Hibernate: 
    insert 
    into
        reply
        (board_bno, moddate, regdate, replyer, text) 
    values
        (?, ?, ?, ?, ?) 
    returning rno
Hibernate: 
    insert 
    into
        reply
        (board_bno, moddate, regdate, replyer, text) 
    values
        (?, ?, ?, ?, ?) 
    returning rno
Hibernate: 
    insert 
    into
        reply
        (board_bno, moddate, regdate, replyer, text) 
    values
        (?, ?, ?, ?, ?) 
    returning rno
Hibernate: 
    insert 
    into
        reply
        (board_bno, moddate, regdate, replyer, text) 
    values
        (?, ?, ?, ?, ?) 
    returning rno
Hibernate: 
    insert 
    into
        reply
        (board_bno, moddate, regdate, replyer, text) 
    values
        (?, ?, ?, ?, ?) 
    returning rno
Hibernate: 
    insert 
    into
        reply
        (board_bno, moddate, regdate, replyer, text) 
    values
        (?, ?, ?, ?, ?) 
    returning rno
Hibernate: 
    insert 
    into
        reply
        (board_bno, moddate, regdate, replyer, text) 
    values
        (?, ?, ?, ?, ?) 
    returning rno
Hibernate: 
    insert 
    into
        reply
        (board_bno, moddate, regdate, replyer, text) 
    values
        (?, ?, ?, ?, ?) 
    returning rno
Hibernate: 
    insert 
    into
        reply
        (board_bno, moddate, regdate, replyer, text) 
    values
        (?, ?, ?, ?, ?) 
    returning rno
Hibernate: 
    insert 
    into
        reply
        (board_bno, moddate, regdate, replyer, text) 
    values
        (?, ?, ?, ?, ?) 
    returning rno
Hibernate: 
    insert 
    into
        reply
        (board_bno, moddate, regdate, replyer, text) 
    values
        (?, ?, ?, ?, ?) 
    returning rno
Hibernate: 
    insert 
    into
        reply
        (board_bno, moddate, regdate, replyer, text) 
    values
        (?, ?, ?, ?, ?) 
    returning rno
Hibernate: 
    insert 
    into
        reply
        (board_bno, moddate, regdate, replyer, text) 
    values
        (?, ?, ?, ?, ?) 
    returning rno
Hibernate: 
    insert 
    into
        reply
        (board_bno, moddate, regdate, replyer, text) 
    values
        (?, ?, ?, ?, ?) 
    returning rno
Hibernate: 
    insert 
    into
        reply
        (board_bno, moddate, regdate, replyer, text) 
    values
        (?, ?, ?, ?, ?) 
    returning rno
Hibernate: 
    insert 
    into
        reply
        (board_bno, moddate, regdate, replyer, text) 
    values
        (?, ?, ?, ?, ?) 
    returning rno
Hibernate: 
    insert 
    into
        reply
        (board_bno, moddate, regdate, replyer, text) 
    values
        (?, ?, ?, ?, ?) 
    returning rno
Hibernate: 
    insert 
    into
        reply
        (board_bno, moddate, regdate, replyer, text) 
    values
        (?, ?, ?, ?, ?) 
    returning rno
Hibernate: 
    insert 
    into
        reply
        (board_bno, moddate, regdate, replyer, text) 
    values
        (?, ?, ?, ?, ?) 
    returning rno
Hibernate: 
    insert 
    into
        reply
        (board_bno, moddate, regdate, replyer, text) 
    values
        (?, ?, ?, ?, ?) 
    returning rno
Hibernate: 
    insert 
    into
        reply
        (board_bno, moddate, regdate, replyer, text) 
    values
        (?, ?, ?, ?, ?) 
    returning rno
Hibernate: 
    insert 
    into
        reply
        (board_bno, moddate, regdate, replyer, text) 
    values
        (?, ?, ?, ?, ?) 
    returning rno
Hibernate: 
    insert 
    into
        reply
        (board_bno, moddate, regdate, replyer, text) 
    values
        (?, ?, ?, ?, ?) 
    returning rno
Hibernate: 
    insert 
    into
        reply
        (board_bno, moddate, regdate, replyer, text) 
    values
        (?, ?, ?, ?, ?) 
    returning rno
Hibernate: 
    insert 
    into
        reply
        (board_bno, moddate, regdate, replyer, text) 
    values
        (?, ?, ?, ?, ?) 
    returning rno
Hibernate: 
    insert 
    into
        reply
        (board_bno, moddate, regdate, replyer, text) 
    values
        (?, ?, ?, ?, ?) 
    returning rno
Hibernate: 
    insert 
    into
        reply
        (board_bno, moddate, regdate, replyer, text) 
    values
        (?, ?, ?, ?, ?) 
    returning rno
Hibernate: 
    insert 
    into
        reply
        (board_bno, moddate, regdate, replyer, text) 
    values
        (?, ?, ?, ?, ?) 
    returning rno
Hibernate: 
    insert 
    into
        reply
        (board_bno, moddate, regdate, replyer, text) 
    values
        (?, ?, ?, ?, ?) 
    returning rno
Hibernate: 
    insert 
    into
        reply
        (board_bno, moddate, regdate, replyer, text) 
    values
        (?, ?, ?, ?, ?) 
    returning rno
Hibernate: 
    insert 
    into
        reply
        (board_bno, moddate, regdate, replyer, text) 
    values
        (?, ?, ?, ?, ?) 
    returning rno
Hibernate: 
    insert 
    into
        reply
        (board_bno, moddate, regdate, replyer, text) 
    values
        (?, ?, ?, ?, ?) 
    returning rno
Hibernate: 
    insert 
    into
        reply
        (board_bno, moddate, regdate, replyer, text) 
    values
        (?, ?, ?, ?, ?) 
    returning rno
Hibernate: 
    insert 
    into
        reply
        (board_bno, moddate, regdate, replyer, text) 
    values
        (?, ?, ?, ?, ?) 
    returning rno
Hibernate: 
    insert 
    into
        reply
        (board_bno, moddate, regdate, replyer, text) 
    values
        (?, ?, ?, ?, ?) 
    returning rno
Hibernate: 
    insert 
    into
        reply
        (board_bno, moddate, regdate, replyer, text) 
    values
        (?, ?, ?, ?, ?) 
    returning rno
Hibernate: 
    insert 
    into
        reply
        (board_bno, moddate, regdate, replyer, text) 
    values
        (?, ?, ?, ?, ?) 
    returning rno
Hibernate: 
    insert 
    into
        reply
        (board_bno, moddate, regdate, replyer, text) 
    values
        (?, ?, ?, ?, ?) 
    returning rno
Hibernate: 
    insert 
    into
        reply
        (board_bno, moddate, regdate, replyer, text) 
    values
        (?, ?, ?, ?, ?) 
    returning rno
Hibernate: 
    insert 
    into
        reply
        (board_bno, moddate, regdate, replyer, text) 
    values
        (?, ?, ?, ?, ?) 
    returning rno
Hibernate: 
    insert 
    into
        reply
        (board_bno, moddate, regdate, replyer, text) 
    values
        (?, ?, ?, ?, ?) 
    returning rno
Hibernate: 
    insert 
    into
        reply
        (board_bno, moddate, regdate, replyer, text) 
    values
        (?, ?, ?, ?, ?) 
    returning rno
Hibernate: 
    insert 
    into
        reply
        (board_bno, moddate, regdate, replyer, text) 
    values
        (?, ?, ?, ?, ?) 
    returning rno
Hibernate: 
    insert 
    into
        reply
        (board_bno, moddate, regdate, replyer, text) 
    values
        (?, ?, ?, ?, ?) 
    returning rno
Hibernate: 
    insert 
    into
        reply
        (board_bno, moddate, regdate, replyer, text) 
    values
        (?, ?, ?, ?, ?) 
    returning rno
Hibernate: 
    insert 
    into
        reply
        (board_bno, moddate, regdate, replyer, text) 
    values
        (?, ?, ?, ?, ?) 
    returning rno
Hibernate: 
    insert 
    into
        reply
        (board_bno, moddate, regdate, replyer, text) 
    values
        (?, ?, ?, ?, ?) 
    returning rno
Hibernate: 
    insert 
    into
        reply
        (board_bno, moddate, regdate, replyer, text) 
    values
        (?, ?, ?, ?, ?) 
    returning rno
Hibernate: 
    insert 
    into
        reply
        (board_bno, moddate, regdate, replyer, text) 
    values
        (?, ?, ?, ?, ?) 
    returning rno
Hibernate: 
    insert 
    into
        reply
        (board_bno, moddate, regdate, replyer, text) 
    values
        (?, ?, ?, ?, ?) 
    returning rno
Hibernate: 
    insert 
    into
        reply
        (board_bno, moddate, regdate, replyer, text) 
    values
        (?, ?, ?, ?, ?) 
    returning rno
Hibernate: 
    insert 
    into
        reply
        (board_bno, moddate, regdate, replyer, text) 
    values
        (?, ?, ?, ?, ?) 
    returning rno
Hibernate: 
    insert 
    into
        reply
        (board_bno, moddate, regdate, replyer, text) 
    values
        (?, ?, ?, ?, ?) 
    returning rno
Hibernate: 
    insert 
    into
        reply
        (board_bno, moddate, regdate, replyer, text) 
    values
        (?, ?, ?, ?, ?) 
    returning rno
Hibernate: 
    insert 
    into
        reply
        (board_bno, moddate, regdate, replyer, text) 
    values
        (?, ?, ?, ?, ?) 
    returning rno
Hibernate: 
    insert 
    into
        reply
        (board_bno, moddate, regdate, replyer, text) 
    values
        (?, ?, ?, ?, ?) 
    returning rno
Hibernate: 
    insert 
    into
        reply
        (board_bno, moddate, regdate, replyer, text) 
    values
        (?, ?, ?, ?, ?) 
    returning rno
Hibernate: 
    insert 
    into
        reply
        (board_bno, moddate, regdate, replyer, text) 
    values
        (?, ?, ?, ?, ?) 
    returning rno
Hibernate: 
    insert 
    into
        reply
        (board_bno, moddate, regdate, replyer, text) 
    values
        (?, ?, ?, ?, ?) 
    returning rno
Hibernate: 
    insert 
    into
        reply
        (board_bno, moddate, regdate, replyer, text) 
    values
        (?, ?, ?, ?, ?) 
    returning rno
Hibernate: 
    insert 
    into
        reply
        (board_bno, moddate, regdate, replyer, text) 
    values
        (?, ?, ?, ?, ?) 
    returning rno
Hibernate: 
    insert 
    into
        reply
        (board_bno, moddate, regdate, replyer, text) 
    values
        (?, ?, ?, ?, ?) 
    returning rno
Hibernate: 
    insert 
    into
        reply
        (board_bno, moddate, regdate, replyer, text) 
    values
        (?, ?, ?, ?, ?) 
    returning rno
Hibernate: 
    insert 
    into
        reply
        (board_bno, moddate, regdate, replyer, text) 
    values
        (?, ?, ?, ?, ?) 
    returning rno
Hibernate: 
    insert 
    into
        reply
        (board_bno, moddate, regdate, replyer, text) 
    values
        (?, ?, ?, ?, ?) 
    returning rno
Hibernate: 
    insert 
    into
        reply
        (board_bno, moddate, regdate, replyer, text) 
    values
        (?, ?, ?, ?, ?) 
    returning rno
Hibernate: 
    insert 
    into
        reply
        (board_bno, moddate, regdate, replyer, text) 
    values
        (?, ?, ?, ?, ?) 
    returning rno
Hibernate: 
    insert 
    into
        reply
        (board_bno, moddate, regdate, replyer, text) 
    values
        (?, ?, ?, ?, ?) 
    returning rno
Hibernate: 
    insert 
    into
        reply
        (board_bno, moddate, regdate, replyer, text) 
    values
        (?, ?, ?, ?, ?) 
    returning rno
Hibernate: 
    insert 
    into
        reply
        (board_bno, moddate, regdate, replyer, text) 
    values
        (?, ?, ?, ?, ?) 
    returning rno
Hibernate: 
    insert 
    into
        reply
        (board_bno, moddate, regdate, replyer, text) 
    values
        (?, ?, ?, ?, ?) 
    returning rno
Hibernate: 
    insert 
    into
        reply
        (board_bno, moddate, regdate, replyer, text) 
    values
        (?, ?, ?, ?, ?) 
    returning rno
Hibernate: 
    insert 
    into
        reply
        (board_bno, moddate, regdate, replyer, text) 
    values
        (?, ?, ?, ?, ?) 
    returning rno
Hibernate: 
    insert 
    into
        reply
        (board_bno, moddate, regdate, replyer, text) 
    values
        (?, ?, ?, ?, ?) 
    returning rno
Hibernate: 
    insert 
    into
        reply
        (board_bno, moddate, regdate, replyer, text) 
    values
        (?, ?, ?, ?, ?) 
    returning rno
Hibernate: 
    insert 
    into
        reply
        (board_bno, moddate, regdate, replyer, text) 
    values
        (?, ?, ?, ?, ?) 
    returning rno
Hibernate: 
    insert 
    into
        reply
        (board_bno, moddate, regdate, replyer, text) 
    values
        (?, ?, ?, ?, ?) 
    returning rno
Hibernate: 
    insert 
    into
        reply
        (board_bno, moddate, regdate, replyer, text) 
    values
        (?, ?, ?, ?, ?) 
    returning rno
Hibernate: 
    insert 
    into
        reply
        (board_bno, moddate, regdate, replyer, text) 
    values
        (?, ?, ?, ?, ?) 
    returning rno
Hibernate: 
    insert 
    into
        reply
        (board_bno, moddate, regdate, replyer, text) 
    values
        (?, ?, ?, ?, ?) 
    returning rno
Hibernate: 
    insert 
    into
        reply
        (board_bno, moddate, regdate, replyer, text) 
    values
        (?, ?, ?, ?, ?) 
    returning rno
Hibernate: 
    insert 
    into
        reply
        (board_bno, moddate, regdate, replyer, text) 
    values
        (?, ?, ?, ?, ?) 
    returning rno
Hibernate: 
    insert 
    into
        reply
        (board_bno, moddate, regdate, replyer, text) 
    values
        (?, ?, ?, ?, ?) 
    returning rno
Hibernate: 
    insert 
    into
        reply
        (board_bno, moddate, regdate, replyer, text) 
    values
        (?, ?, ?, ?, ?) 
    returning rno
Hibernate: 
    insert 
    into
        reply
        (board_bno, moddate, regdate, replyer, text) 
    values
        (?, ?, ?, ?, ?) 
    returning rno
Hibernate: 
    insert 
    into
        reply
        (board_bno, moddate, regdate, replyer, text) 
    values
        (?, ?, ?, ?, ?) 
    returning rno
Hibernate: 
    insert 
    into
        reply
        (board_bno, moddate, regdate, replyer, text) 
    values
        (?, ?, ?, ?, ?) 
    returning rno
Hibernate: 
    insert 
    into
        reply
        (board_bno, moddate, regdate, replyer, text) 
    values
        (?, ?, ?, ?, ?) 
    returning rno
Hibernate: 
    insert 
    into
        reply
        (board_bno, moddate, regdate, replyer, text) 
    values
        (?, ?, ?, ?, ?) 
    returning rno
Hibernate: 
    insert 
    into
        reply
        (board_bno, moddate, regdate, replyer, text) 
    values
        (?, ?, ?, ?, ?) 
    returning rno
Hibernate: 
    insert 
    into
        reply
        (board_bno, moddate, regdate, replyer, text) 
    values
        (?, ?, ?, ?, ?) 
    returning rno
Hibernate: 
    insert 
    into
        reply
        (board_bno, moddate, regdate, replyer, text) 
    values
        (?, ?, ?, ?, ?) 
    returning rno
Hibernate: 
    insert 
    into
        reply
        (board_bno, moddate, regdate, replyer, text) 
    values
        (?, ?, ?, ?, ?) 
    returning rno
Hibernate: 
    insert 
    into
        reply
        (board_bno, moddate, regdate, replyer, text) 
    values
        (?, ?, ?, ?, ?) 
    returning rno
Hibernate: 
    insert 
    into
        reply
        (board_bno, moddate, regdate, replyer, text) 
    values
        (?, ?, ?, ?, ?) 
    returning rno
Hibernate: 
    insert 
    into
        reply
        (board_bno, moddate, regdate, replyer, text) 
    values
        (?, ?, ?, ?, ?) 
    returning rno
Hibernate: 
    insert 
    into
        reply
        (board_bno, moddate, regdate, replyer, text) 
    values
        (?, ?, ?, ?, ?) 
    returning rno
Hibernate: 
    insert 
    into
        reply
        (board_bno, moddate, regdate, replyer, text) 
    values
        (?, ?, ?, ?, ?) 
    returning rno
Hibernate: 
    insert 
    into
        reply
        (board_bno, moddate, regdate, replyer, text) 
    values
        (?, ?, ?, ?, ?) 
    returning rno
Hibernate: 
    insert 
    into
        reply
        (board_bno, moddate, regdate, replyer, text) 
    values
        (?, ?, ?, ?, ?) 
    returning rno
Hibernate: 
    insert 
    into
        reply
        (board_bno, moddate, regdate, replyer, text) 
    values
        (?, ?, ?, ?, ?) 
    returning rno
Hibernate: 
    insert 
    into
        reply
        (board_bno, moddate, regdate, replyer, text) 
    values
        (?, ?, ?, ?, ?) 
    returning rno
Hibernate: 
    insert 
    into
        reply
        (board_bno, moddate, regdate, replyer, text) 
    values
        (?, ?, ?, ?, ?) 
    returning rno
Hibernate: 
    insert 
    into
        reply
        (board_bno, moddate, regdate, replyer, text) 
    values
        (?, ?, ?, ?, ?) 
    returning rno
Hibernate: 
    insert 
    into
        reply
        (board_bno, moddate, regdate, replyer, text) 
    values
        (?, ?, ?, ?, ?) 
    returning rno
Hibernate: 
    insert 
    into
        reply
        (board_bno, moddate, regdate, replyer, text) 
    values
        (?, ?, ?, ?, ?) 
    returning rno
Hibernate: 
    insert 
    into
        reply
        (board_bno, moddate, regdate, replyer, text) 
    values
        (?, ?, ?, ?, ?) 
    returning rno
Hibernate: 
    insert 
    into
        reply
        (board_bno, moddate, regdate, replyer, text) 
    values
        (?, ?, ?, ?, ?) 
    returning rno
Hibernate: 
    insert 
    into
        reply
        (board_bno, moddate, regdate, replyer, text) 
    values
        (?, ?, ?, ?, ?) 
    returning rno
Hibernate: 
    insert 
    into
        reply
        (board_bno, moddate, regdate, replyer, text) 
    values
        (?, ?, ?, ?, ?) 
    returning rno
Hibernate: 
    insert 
    into
        reply
        (board_bno, moddate, regdate, replyer, text) 
    values
        (?, ?, ?, ?, ?) 
    returning rno
Hibernate: 
    insert 
    into
        reply
        (board_bno, moddate, regdate, replyer, text) 
    values
        (?, ?, ?, ?, ?) 
    returning rno
Hibernate: 
    insert 
    into
        reply
        (board_bno, moddate, regdate, replyer, text) 
    values
        (?, ?, ?, ?, ?) 
    returning rno
Hibernate: 
    insert 
    into
        reply
        (board_bno, moddate, regdate, replyer, text) 
    values
        (?, ?, ?, ?, ?) 
    returning rno
Hibernate: 
    insert 
    into
        reply
        (board_bno, moddate, regdate, replyer, text) 
    values
        (?, ?, ?, ?, ?) 
    returning rno
Hibernate: 
    insert 
    into
        reply
        (board_bno, moddate, regdate, replyer, text) 
    values
        (?, ?, ?, ?, ?) 
    returning rno
Hibernate: 
    insert 
    into
        reply
        (board_bno, moddate, regdate, replyer, text) 
    values
        (?, ?, ?, ?, ?) 
    returning rno
Hibernate: 
    insert 
    into
        reply
        (board_bno, moddate, regdate, replyer, text) 
    values
        (?, ?, ?, ?, ?) 
    returning rno
Hibernate: 
    insert 
    into
        reply
        (board_bno, moddate, regdate, replyer, text) 
    values
        (?, ?, ?, ?, ?) 
    returning rno
Hibernate: 
    insert 
    into
        reply
        (board_bno, moddate, regdate, replyer, text) 
    values
        (?, ?, ?, ?, ?) 
    returning rno
Hibernate: 
    insert 
    into
        reply
        (board_bno, moddate, regdate, replyer, text) 
    values
        (?, ?, ?, ?, ?) 
    returning rno
Hibernate: 
    insert 
    into
        reply
        (board_bno, moddate, regdate, replyer, text) 
    values
        (?, ?, ?, ?, ?) 
    returning rno
Hibernate: 
    insert 
    into
        reply
        (board_bno, moddate, regdate, replyer, text) 
    values
        (?, ?, ?, ?, ?) 
    returning rno
Hibernate: 
    insert 
    into
        reply
        (board_bno, moddate, regdate, replyer, text) 
    values
        (?, ?, ?, ?, ?) 
    returning rno
Hibernate: 
    insert 
    into
        reply
        (board_bno, moddate, regdate, replyer, text) 
    values
        (?, ?, ?, ?, ?) 
    returning rno
Hibernate: 
    insert 
    into
        reply
        (board_bno, moddate, regdate, replyer, text) 
    values
        (?, ?, ?, ?, ?) 
    returning rno
Hibernate: 
    insert 
    into
        reply
        (board_bno, moddate, regdate, replyer, text) 
    values
        (?, ?, ?, ?, ?) 
    returning rno
Hibernate: 
    insert 
    into
        reply
        (board_bno, moddate, regdate, replyer, text) 
    values
        (?, ?, ?, ?, ?) 
    returning rno
Hibernate: 
    insert 
    into
        reply
        (board_bno, moddate, regdate, replyer, text) 
    values
        (?, ?, ?, ?, ?) 
    returning rno
Hibernate: 
    insert 
    into
        reply
        (board_bno, moddate, regdate, replyer, text) 
    values
        (?, ?, ?, ?, ?) 
    returning rno
Hibernate: 
    insert 
    into
        reply
        (board_bno, moddate, regdate, replyer, text) 
    values
        (?, ?, ?, ?, ?) 
    returning rno
Hibernate: 
    insert 
    into
        reply
        (board_bno, moddate, regdate, replyer, text) 
    values
        (?, ?, ?, ?, ?) 
    returning rno
Hibernate: 
    insert 
    into
        reply
        (board_bno, moddate, regdate, replyer, text) 
    values
        (?, ?, ?, ?, ?) 
    returning rno
Hibernate: 
    insert 
    into
        reply
        (board_bno, moddate, regdate, replyer, text) 
    values
        (?, ?, ?, ?, ?) 
    returning rno
Hibernate: 
    insert 
    into
        reply
        (board_bno, moddate, regdate, replyer, text) 
    values
        (?, ?, ?, ?, ?) 
    returning rno
Hibernate: 
    insert 
    into
        reply
        (board_bno, moddate, regdate, replyer, text) 
    values
        (?, ?, ?, ?, ?) 
    returning rno
Hibernate: 
    insert 
    into
        reply
        (board_bno, moddate, regdate, replyer, text) 
    values
        (?, ?, ?, ?, ?) 
    returning rno
Hibernate: 
    insert 
    into
        reply
        (board_bno, moddate, regdate, replyer, text) 
    values
        (?, ?, ?, ?, ?) 
    returning rno
]]></system-out>
  <system-err><![CDATA[]]></system-err>
</testsuite>
